<?xml version="1.0" encoding="UTF-8"?>
<!-- Generated by org.testng.reporters.JUnitReportReporter -->
<testsuite skipped="0" hostname="LAPTOP-I3KNG9BL" name="Real_Time_Package.HomePageTest" tests="3" failures="0" timestamp="2020-07-30T18:01:14 IST" time="97.232" errors="0">
  <testcase name="Test002" time="22.173" classname="Real_Time_Package.HomePageTest"/>
  <system-out/>
  <testcase name="Test001" time="50.158" classname="Real_Time_Package.HomePageTest"/>
  <system-out/>
  <testcase name="Test003" time="24.901" classname="Real_Time_Package.HomePageTest"/>
  <system-out/>
</testsuite> <!-- Real_Time_Package.HomePageTest -->
