<?xml version="1.0" encoding="UTF-8"?>
<!-- Generated by org.testng.reporters.JUnitReportReporter -->
<testsuite skipped="0" hostname="LAPTOP-I3KNG9BL" name="Tests.HomePageTest" tests="3" failures="0" timestamp="2020-08-02T08:19:35 IST" time="69.593" errors="0">
  <testcase name="Test003" time="19.144" classname="Tests.HomePageTest"/>
  <system-out/>
  <testcase name="Test002" time="20.979" classname="Tests.HomePageTest"/>
  <system-out/>
  <testcase name="Test001" time="29.470" classname="Tests.HomePageTest"/>
  <system-out/>
</testsuite> <!-- Tests.HomePageTest -->
