<?xml version="1.0" encoding="UTF-8"?>
<!-- Generated by org.testng.reporters.JUnitReportReporter -->
<testsuite skipped="0" hostname="LAPTOP-I3KNG9BL" name="Real_Time_Package.LinksTest" tests="3" failures="0" timestamp="2020-07-30T18:01:14 IST" time="80.729" errors="0">
  <testcase name="Test002" time="29.401" classname="Real_Time_Package.LinksTest"/>
  <system-out/>
  <testcase name="Test003" time="27.027" classname="Real_Time_Package.LinksTest"/>
  <system-out/>
  <testcase name="Test001" time="24.301" classname="Real_Time_Package.LinksTest"/>
  <system-out/>
</testsuite> <!-- Real_Time_Package.LinksTest -->
